<?xml version="1.0" encoding="UTF-8"?>
<testsuite xmlns:xsi="http://www.w3.org/2001/XMLSchema-instance" xsi:noNamespaceSchemaLocation="https://maven.apache.org/surefire/maven-surefire-plugin/xsd/surefire-test-report.xsd" name="com.susheelkb.romannumeral.service.RomanNumsServiceTest" time="0.045" tests="5" errors="0" skipped="0" failures="0">
  <properties>
[...]
</properties>
  <testcase name="When_NumberIs299_Expect_CCXCIX" classname="com.susheelkb.romannumeral.service.RomanNumsServiceTest" time="0.004"/>
  <testcase name="When_NumberIs2987_Expect_MMCMLXXXVII" classname="com.susheelkb.romannumeral.service.RomanNumsServiceTest" time="0"/>
  <testcase name="testExceptionThrownIfGivenZero" classname="com.susheelkb.romannumeral.service.RomanNumsServiceTest" time="0"/>
  <testcase name="testExceptionThrownIfGivenOutOfRange" classname="com.susheelkb.romannumeral.service.RomanNumsServiceTest" time="0"/>
  <testcase name="When_NumberIs3999_Expect_MMMCMXCIX" classname="com.susheelkb.romannumeral.service.RomanNumsServiceTest" time="0"/>
</testsuite>